2020-03-15 21:26:10,690 INFO org.springframework.boot.StartupInfoLogger [main] Starting RazbankApplication on polaris.local with PID 44201 (/Users/polaris/Documents/udemy/spring/razbank/target/classes started by polaris in /Users/polaris/Documents/udemy/spring/razbank)
2020-03-15 21:26:10,693 DEBUG org.springframework.boot.StartupInfoLogger [main] Running with Spring Boot v2.2.5.RELEASE, Spring v5.2.4.RELEASE
2020-03-15 21:26:10,694 INFO org.springframework.boot.SpringApplication [main] No active profile set, falling back to default profiles: default
2020-03-15 21:26:11,226 INFO org.springframework.data.repository.config.RepositoryConfigurationDelegate [main] Bootstrapping Spring Data JPA repositories in DEFAULT mode.
2020-03-15 21:26:11,264 INFO org.springframework.data.repository.config.RepositoryConfigurationDelegate [main] Finished Spring Data repository scanning in 31ms. Found 1 JPA repository interfaces.
2020-03-15 21:26:11,946 INFO org.springframework.boot.web.embedded.tomcat.TomcatWebServer [main] Tomcat initialized with port(s): 8080 (http)
2020-03-15 21:26:11,952 INFO org.apache.juli.logging.DirectJDKLog [main] Initializing ProtocolHandler ["http-nio-8080"]
2020-03-15 21:26:11,954 INFO org.apache.juli.logging.DirectJDKLog [main] Starting service [Tomcat]
2020-03-15 21:26:11,954 INFO org.apache.juli.logging.DirectJDKLog [main] Starting Servlet engine: [Apache Tomcat/9.0.31]
2020-03-15 21:26:12,015 INFO org.apache.juli.logging.DirectJDKLog [main] Initializing Spring embedded WebApplicationContext
2020-03-15 21:26:12,015 INFO org.springframework.boot.web.servlet.context.ServletWebServerApplicationContext [main] Root WebApplicationContext: initialization completed in 1269 ms
2020-03-15 21:26:12,164 INFO org.hibernate.jpa.internal.util.LogHelper [main] HHH000204: Processing PersistenceUnitInfo [name: default]
2020-03-15 21:26:12,278 INFO org.hibernate.Version [main] HHH000412: Hibernate ORM core version 5.4.12.Final
2020-03-15 21:26:12,341 INFO org.hibernate.annotations.common.reflection.java.JavaReflectionManager [main] HCANN000001: Hibernate Commons Annotations {5.1.0.Final}
2020-03-15 21:26:12,420 INFO com.zaxxer.hikari.HikariDataSource [main] HikariPool-1 - Starting...
2020-03-15 21:26:12,501 INFO com.zaxxer.hikari.HikariDataSource [main] HikariPool-1 - Start completed.
2020-03-15 21:26:12,513 INFO org.hibernate.dialect.Dialect [main] HHH000400: Using dialect: org.hibernate.dialect.MySQL8Dialect
2020-03-15 21:26:12,857 INFO org.hibernate.engine.transaction.jta.platform.internal.JtaPlatformInitiator [main] HHH000490: Using JtaPlatform implementation: [org.hibernate.engine.transaction.jta.platform.internal.NoJtaPlatform]
2020-03-15 21:26:12,862 INFO org.springframework.orm.jpa.AbstractEntityManagerFactoryBean [main] Initialized JPA EntityManagerFactory for persistence unit 'default'
2020-03-15 21:26:13,271 WARN org.springframework.boot.autoconfigure.orm.jpa.JpaBaseConfiguration$JpaWebConfiguration [main] spring.jpa.open-in-view is enabled by default. Therefore, database queries may be performed during view rendering. Explicitly configure spring.jpa.open-in-view to disable this warning
2020-03-15 21:26:13,480 INFO org.springframework.scheduling.concurrent.ExecutorConfigurationSupport [main] Initializing ExecutorService 'applicationTaskExecutor'
2020-03-15 21:26:13,849 INFO org.apache.juli.logging.DirectJDKLog [main] Starting ProtocolHandler ["http-nio-8080"]
2020-03-15 21:26:13,876 INFO org.springframework.boot.web.embedded.tomcat.TomcatWebServer [main] Tomcat started on port(s): 8080 (http) with context path ''
2020-03-15 21:26:13,878 INFO org.springframework.boot.StartupInfoLogger [main] Started RazbankApplication in 3.664 seconds (JVM running for 4.189)
2020-03-15 21:26:21,942 INFO org.springframework.scheduling.concurrent.ExecutorConfigurationSupport [SpringContextShutdownHook] Shutting down ExecutorService 'applicationTaskExecutor'
2020-03-15 21:26:21,943 INFO org.springframework.orm.jpa.AbstractEntityManagerFactoryBean [SpringContextShutdownHook] Closing JPA EntityManagerFactory for persistence unit 'default'
2020-03-15 21:26:21,944 INFO com.zaxxer.hikari.HikariDataSource [SpringContextShutdownHook] HikariPool-1 - Shutdown initiated...
2020-03-15 21:26:21,951 INFO com.zaxxer.hikari.HikariDataSource [SpringContextShutdownHook] HikariPool-1 - Shutdown completed.
2020-03-15 21:26:24,484 INFO org.springframework.boot.StartupInfoLogger [main] Starting RazbankApplication on polaris.local with PID 44204 (/Users/polaris/Documents/udemy/spring/razbank/target/classes started by polaris in /Users/polaris/Documents/udemy/spring/razbank)
2020-03-15 21:26:24,487 DEBUG org.springframework.boot.StartupInfoLogger [main] Running with Spring Boot v2.2.5.RELEASE, Spring v5.2.4.RELEASE
2020-03-15 21:26:24,488 INFO org.springframework.boot.SpringApplication [main] No active profile set, falling back to default profiles: default
2020-03-15 21:26:25,048 INFO org.springframework.data.repository.config.RepositoryConfigurationDelegate [main] Bootstrapping Spring Data JPA repositories in DEFAULT mode.
2020-03-15 21:26:25,088 INFO org.springframework.data.repository.config.RepositoryConfigurationDelegate [main] Finished Spring Data repository scanning in 32ms. Found 1 JPA repository interfaces.
2020-03-15 21:26:25,808 INFO org.springframework.boot.web.embedded.tomcat.TomcatWebServer [main] Tomcat initialized with port(s): 8080 (http)
2020-03-15 21:26:25,814 INFO org.apache.juli.logging.DirectJDKLog [main] Initializing ProtocolHandler ["http-nio-8080"]
2020-03-15 21:26:25,815 INFO org.apache.juli.logging.DirectJDKLog [main] Starting service [Tomcat]
2020-03-15 21:26:25,815 INFO org.apache.juli.logging.DirectJDKLog [main] Starting Servlet engine: [Apache Tomcat/9.0.31]
2020-03-15 21:26:25,868 INFO org.apache.juli.logging.DirectJDKLog [main] Initializing Spring embedded WebApplicationContext
2020-03-15 21:26:25,869 INFO org.springframework.boot.web.servlet.context.ServletWebServerApplicationContext [main] Root WebApplicationContext: initialization completed in 1327 ms
2020-03-15 21:26:26,021 INFO org.hibernate.jpa.internal.util.LogHelper [main] HHH000204: Processing PersistenceUnitInfo [name: default]
2020-03-15 21:26:26,139 INFO org.hibernate.Version [main] HHH000412: Hibernate ORM core version 5.4.12.Final
2020-03-15 21:26:26,202 INFO org.hibernate.annotations.common.reflection.java.JavaReflectionManager [main] HCANN000001: Hibernate Commons Annotations {5.1.0.Final}
2020-03-15 21:26:26,280 INFO com.zaxxer.hikari.HikariDataSource [main] HikariPool-1 - Starting...
2020-03-15 21:26:26,378 INFO com.zaxxer.hikari.HikariDataSource [main] HikariPool-1 - Start completed.
2020-03-15 21:26:26,389 INFO org.hibernate.dialect.Dialect [main] HHH000400: Using dialect: org.hibernate.dialect.MySQL8Dialect
2020-03-15 21:26:26,755 INFO org.hibernate.engine.transaction.jta.platform.internal.JtaPlatformInitiator [main] HHH000490: Using JtaPlatform implementation: [org.hibernate.engine.transaction.jta.platform.internal.NoJtaPlatform]
2020-03-15 21:26:26,763 INFO org.springframework.orm.jpa.AbstractEntityManagerFactoryBean [main] Initialized JPA EntityManagerFactory for persistence unit 'default'
2020-03-15 21:26:27,195 WARN org.springframework.boot.autoconfigure.orm.jpa.JpaBaseConfiguration$JpaWebConfiguration [main] spring.jpa.open-in-view is enabled by default. Therefore, database queries may be performed during view rendering. Explicitly configure spring.jpa.open-in-view to disable this warning
2020-03-15 21:26:27,412 INFO org.springframework.scheduling.concurrent.ExecutorConfigurationSupport [main] Initializing ExecutorService 'applicationTaskExecutor'
2020-03-15 21:26:27,748 INFO org.apache.juli.logging.DirectJDKLog [main] Starting ProtocolHandler ["http-nio-8080"]
2020-03-15 21:26:27,775 INFO org.springframework.boot.web.embedded.tomcat.TomcatWebServer [main] Tomcat started on port(s): 8080 (http) with context path ''
2020-03-15 21:26:27,777 INFO org.springframework.boot.StartupInfoLogger [main] Started RazbankApplication in 3.731 seconds (JVM running for 4.239)
2020-03-15 21:26:40,462 INFO org.springframework.scheduling.concurrent.ExecutorConfigurationSupport [SpringContextShutdownHook] Shutting down ExecutorService 'applicationTaskExecutor'
2020-03-15 21:26:40,463 INFO org.springframework.orm.jpa.AbstractEntityManagerFactoryBean [SpringContextShutdownHook] Closing JPA EntityManagerFactory for persistence unit 'default'
2020-03-15 21:26:40,463 INFO com.zaxxer.hikari.HikariDataSource [SpringContextShutdownHook] HikariPool-1 - Shutdown initiated...
2020-03-15 21:26:40,476 INFO com.zaxxer.hikari.HikariDataSource [SpringContextShutdownHook] HikariPool-1 - Shutdown completed.
